====================Radion Mass = 2.0 TeV====================
Preprocessing 100% ━━━━━━━━━━━━━━━━━━━━ 31/31 [ 0:00:29 < 0:00:00 | 1.1 file/s ]
!!!=====Dataset=====!!!!
<class 'str'>
Data_JetHT
Number of events before selection + Trigger: 2532
# of events after pT cut (dropping empty arrays): 2532
# of events after eta cut (dropping empty arrays): 2532
# of events after decay cut (dropping empty arrays): 2532
# of events after isolation cut (dropping empty arrays): 79
# of events after Higgs cut (dropping empty arrays): 47
# of events after topology cut (dropping empty arrays): 47
# of events after b-jet cut (dropping empty arrays): 47
Jet Trigger
# of events after Trigger + Selection: 5
# of events after Trigger + Selection (dropping empty arrays): 5
!!!=====Dataset=====!!!!
<class 'str'>
Data_JetHT
Number of events before selection + Trigger: 522
# of events after pT cut (dropping empty arrays): 522
# of events after eta cut (dropping empty arrays): 522
# of events after decay cut (dropping empty arrays): 522
# of events after isolation cut (dropping empty arrays): 22
# of events after Higgs cut (dropping empty arrays): 13
# of events after topology cut (dropping empty arrays): 13
# of events after b-jet cut (dropping empty arrays): 13
Jet Trigger
# of events after Trigger + Selection: 0
# of events after Trigger + Selection (dropping empty arrays): 0
!!!=====Dataset=====!!!!
<class 'str'>
Data_JetHT
Number of events before selection + Trigger: 611
# of events after pT cut (dropping empty arrays): 611
# of events after eta cut (dropping empty arrays): 611
# of events after decay cut (dropping empty arrays): 611
# of events after isolation cut (dropping empty arrays): 19
# of events after Higgs cut (dropping empty arrays): 11
# of events after topology cut (dropping empty arrays): 11
# of events after b-jet cut (dropping empty arrays): 11
Jet Trigger
# of events after Trigger + Selection: 1
# of events after Trigger + Selection (dropping empty arrays): 1
!!!=====Dataset=====!!!!
<class 'str'>
Data_JetHT
Number of events before selection + Trigger: 1289
# of events after pT cut (dropping empty arrays): 1289
# of events after eta cut (dropping empty arrays): 1289
# of events after decay cut (dropping empty arrays): 1289
# of events after isolation cut (dropping empty arrays): 36
# of events after Higgs cut (dropping empty arrays): 24
# of events after topology cut (dropping empty arrays): 24
# of events after b-jet cut (dropping empty arrays): 24
Jet Trigger
# of events after Trigger + Selection: 2
# of events after Trigger + Selection (dropping empty arrays): 2
!!!=====Dataset=====!!!!
<class 'str'>
Signal
Number of events before selection + Trigger: 14343
# of events after pT cut (dropping empty arrays): 14343
# of events after eta cut (dropping empty arrays): 14343
# of events after decay cut (dropping empty arrays): 14343
# of events after isolation cut (dropping empty arrays): 11760
# of events after Higgs cut (dropping empty arrays): 11594
# of events after topology cut (dropping empty arrays): 11594
# of events after b-jet cut (dropping empty arrays): 11594
Number of events after selection + Trigger: 6698
Number of events after Trigger + Selection (dropping empty arrays): 6698
=========!!!Weight Debugging!!!=========
Signal
Luminosity Weight = 0.006232
Luminosity = 59830.000000
Cross section = 0.010000
Number of events Processed: 96000
!!!=====Dataset=====!!!!
<class 'str'>
WJetsToLNu_HT-2500ToInf
Number of events before selection + Trigger: 60
# of events after pT cut (dropping empty arrays): 60
# of events after eta cut (dropping empty arrays): 60
# of events after decay cut (dropping empty arrays): 60
# of events after isolation cut (dropping empty arrays): 2
# of events after Higgs cut (dropping empty arrays): 1
# of events after topology cut (dropping empty arrays): 1
# of events after b-jet cut (dropping empty arrays): 1
Number of events after selection + Trigger: 1
Number of events after Trigger + Selection (dropping empty arrays): 1
=========!!!Weight Debugging!!!=========
WJetsToLNu_HT-2500ToInf
Luminosity Weight = 0.000711
Luminosity = 59830.000000
Cross section = 0.038914
Number of events Processed: 3273980
!!!=====Dataset=====!!!!
<class 'str'>
WJetsToLNu_HT-1200To2500
Number of events before selection + Trigger: 167
# of events after pT cut (dropping empty arrays): 167
# of events after eta cut (dropping empty arrays): 167
# of events after decay cut (dropping empty arrays): 167
# of events after isolation cut (dropping empty arrays): 3
# of events after Higgs cut (dropping empty arrays): 2
# of events after topology cut (dropping empty arrays): 2
# of events after b-jet cut (dropping empty arrays): 2
Number of events after selection + Trigger: 0
Number of events after Trigger + Selection (dropping empty arrays): 0
=========!!!Weight Debugging!!!=========
WJetsToLNu_HT-1200To2500
Luminosity Weight = 0.012603
Luminosity = 59830.000000
Cross section = 1.608090
Number of events Processed: 7633949
!!!=====Dataset=====!!!!
<class 'str'>
WJetsToLNu_HT-800To1200
Number of events before selection + Trigger: 172
# of events after pT cut (dropping empty arrays): 172
# of events after eta cut (dropping empty arrays): 172
# of events after decay cut (dropping empty arrays): 172
# of events after isolation cut (dropping empty arrays): 2
# of events after Higgs cut (dropping empty arrays): 2
# of events after topology cut (dropping empty arrays): 2
# of events after b-jet cut (dropping empty arrays): 2
Number of events after selection + Trigger: 1
Number of events after Trigger + Selection (dropping empty arrays): 1
=========!!!Weight Debugging!!!=========
WJetsToLNu_HT-800To1200
Luminosity Weight = 0.047394
Luminosity = 59830.000000
Cross section = 6.656210
Number of events Processed: 8402687
!!!=====Dataset=====!!!!
<class 'str'>
WJetsToLNu_HT-600To800
Number of events before selection + Trigger: 452
# of events after pT cut (dropping empty arrays): 452
# of events after eta cut (dropping empty arrays): 452
# of events after decay cut (dropping empty arrays): 452
# of events after isolation cut (dropping empty arrays): 19
# of events after Higgs cut (dropping empty arrays): 11
# of events after topology cut (dropping empty arrays): 11
# of events after b-jet cut (dropping empty arrays): 11
Number of events after selection + Trigger: 2
Number of events after Trigger + Selection (dropping empty arrays): 2
=========!!!Weight Debugging!!!=========
WJetsToLNu_HT-600To800
Luminosity Weight = 0.044218
Luminosity = 59830.000000
Cross section = 14.580500
Number of events Processed: 19728401
!!!=====Dataset=====!!!!
<class 'str'>
WJetsToLNu_HT-400To600
Number of events before selection + Trigger: 120
# of events after pT cut (dropping empty arrays): 120
# of events after eta cut (dropping empty arrays): 120
# of events after decay cut (dropping empty arrays): 120
# of events after isolation cut (dropping empty arrays): 7
# of events after Higgs cut (dropping empty arrays): 4
# of events after topology cut (dropping empty arrays): 4
# of events after b-jet cut (dropping empty arrays): 4
Number of events after selection + Trigger: 0
Number of events after Trigger + Selection (dropping empty arrays): 0
=========!!!Weight Debugging!!!=========
WJetsToLNu_HT-400To600
Luminosity Weight = 0.596829
Luminosity = 59830.000000
Cross section = 59.181100
Number of events Processed: 5932701
!!!=====Dataset=====!!!!
<class 'str'>
WJetsToLNu_HT-200To400
Number of events before selection + Trigger: 235
# of events after pT cut (dropping empty arrays): 235
# of events after eta cut (dropping empty arrays): 235
# of events after decay cut (dropping empty arrays): 235
# of events after isolation cut (dropping empty arrays): 15
# of events after Higgs cut (dropping empty arrays): 13
# of events after topology cut (dropping empty arrays): 13
# of events after b-jet cut (dropping empty arrays): 13
Number of events after selection + Trigger: 0
Number of events after Trigger + Selection (dropping empty arrays): 0
=========!!!Weight Debugging!!!=========
WJetsToLNu_HT-200To400
Luminosity Weight = 1.022431
Luminosity = 59830.000000
Cross section = 435.237000
Number of events Processed: 25468933
!!!=====Dataset=====!!!!
<class 'str'>
WJetsToLNu_HT-100To200
Number of events before selection + Trigger: 40
# of events after pT cut (dropping empty arrays): 40
# of events after eta cut (dropping empty arrays): 40
# of events after decay cut (dropping empty arrays): 40
# of events after isolation cut (dropping empty arrays): 5
# of events after Higgs cut (dropping empty arrays): 5
# of events after topology cut (dropping empty arrays): 5
# of events after b-jet cut (dropping empty arrays): 5
Number of events after selection + Trigger: 0
Number of events after Trigger + Selection (dropping empty arrays): 0
=========!!!Weight Debugging!!!=========
WJetsToLNu_HT-100To200
Luminosity Weight = 3.298324
Luminosity = 59830.000000
Cross section = 1627.450000
Number of events Processed: 29521158
!!!=====Dataset=====!!!!
<class 'str'>
T-tW
Number of events before selection + Trigger: 405
# of events after pT cut (dropping empty arrays): 405
# of events after eta cut (dropping empty arrays): 405
# of events after decay cut (dropping empty arrays): 405
# of events after isolation cut (dropping empty arrays): 30
# of events after Higgs cut (dropping empty arrays): 20
# of events after topology cut (dropping empty arrays): 20
# of events after b-jet cut (dropping empty arrays): 20
Number of events after selection + Trigger: 1
Number of events after Trigger + Selection (dropping empty arrays): 1
=========!!!Weight Debugging!!!=========
T-tW
Luminosity Weight = 0.230464
Luminosity = 59830.000000
Cross section = 35.600000
Number of events Processed: 9242000
!!!=====Dataset=====!!!!
<class 'str'>
Tbar-tW
Number of events before selection + Trigger: 299
# of events after pT cut (dropping empty arrays): 299
# of events after eta cut (dropping empty arrays): 299
# of events after decay cut (dropping empty arrays): 299
# of events after isolation cut (dropping empty arrays): 28
# of events after Higgs cut (dropping empty arrays): 19
# of events after topology cut (dropping empty arrays): 19
# of events after b-jet cut (dropping empty arrays): 19
Number of events after selection + Trigger: 1
Number of events after Trigger + Selection (dropping empty arrays): 1
=========!!!Weight Debugging!!!=========
Tbar-tW
Luminosity Weight = 0.279411
Luminosity = 59830.000000
Cross section = 35.600000
Number of events Processed: 7623000
!!!=====Dataset=====!!!!
<class 'str'>
T-tchan
Number of events before selection + Trigger: 748
# of events after pT cut (dropping empty arrays): 748
# of events after eta cut (dropping empty arrays): 748
# of events after decay cut (dropping empty arrays): 748
# of events after isolation cut (dropping empty arrays): 39
# of events after Higgs cut (dropping empty arrays): 28
# of events after topology cut (dropping empty arrays): 28
# of events after b-jet cut (dropping empty arrays): 28
Number of events after selection + Trigger: 2
Number of events after Trigger + Selection (dropping empty arrays): 2
=========!!!Weight Debugging!!!=========
T-tchan
Luminosity Weight = 0.017107
Luminosity = 59830.000000
Cross section = 44.070000
Number of events Processed: 154130900
!!!=====Dataset=====!!!!
<class 'str'>
Tbar-tchan
Number of events before selection + Trigger: 450
# of events after pT cut (dropping empty arrays): 450
# of events after eta cut (dropping empty arrays): 450
# of events after decay cut (dropping empty arrays): 450
# of events after isolation cut (dropping empty arrays): 23
# of events after Higgs cut (dropping empty arrays): 15
# of events after topology cut (dropping empty arrays): 15
# of events after b-jet cut (dropping empty arrays): 15
Number of events after selection + Trigger: 0
Number of events after Trigger + Selection (dropping empty arrays): 0
=========!!!Weight Debugging!!!=========
Tbar-tchan
Luminosity Weight = 0.019842
Luminosity = 59830.000000
Cross section = 26.230000
Number of events Processed: 79090800
!!!=====Dataset=====!!!!
<class 'str'>
DYJetsToLL_Pt-650ToInf
Number of events before selection + Trigger: 1188
# of events after pT cut (dropping empty arrays): 1188
# of events after eta cut (dropping empty arrays): 1188
# of events after decay cut (dropping empty arrays): 1188
# of events after isolation cut (dropping empty arrays): 132
# of events after Higgs cut (dropping empty arrays): 79
# of events after topology cut (dropping empty arrays): 79
# of events after b-jet cut (dropping empty arrays): 79
Number of events after selection + Trigger: 10
Number of events after Trigger + Selection (dropping empty arrays): 10
=========!!!Weight Debugging!!!=========
DYJetsToLL_Pt-650ToInf
Luminosity Weight = 0.001376
Luminosity = 59830.000000
Cross section = 0.043602
Number of events Processed: 1895998
!!!=====Dataset=====!!!!
<class 'str'>
DYJetsToLL_Pt-400To650
Number of events before selection + Trigger: 1209
# of events after pT cut (dropping empty arrays): 1209
# of events after eta cut (dropping empty arrays): 1209
# of events after decay cut (dropping empty arrays): 1209
# of events after isolation cut (dropping empty arrays): 154
# of events after Higgs cut (dropping empty arrays): 106
# of events after topology cut (dropping empty arrays): 106
# of events after b-jet cut (dropping empty arrays): 106
Number of events after selection + Trigger: 12
Number of events after Trigger + Selection (dropping empty arrays): 12
=========!!!Weight Debugging!!!=========
DYJetsToLL_Pt-400To650
Luminosity Weight = 0.014896
Luminosity = 59830.000000
Cross section = 0.464024
Number of events Processed: 1863809
!!!=====Dataset=====!!!!
<class 'str'>
DYJetsToLL_Pt-250To400
Number of events before selection + Trigger: 8981
# of events after pT cut (dropping empty arrays): 8981
# of events after eta cut (dropping empty arrays): 8981
# of events after decay cut (dropping empty arrays): 8981
# of events after isolation cut (dropping empty arrays): 1259
# of events after Higgs cut (dropping empty arrays): 968
# of events after topology cut (dropping empty arrays): 968
# of events after b-jet cut (dropping empty arrays): 968
Number of events after selection + Trigger: 29
Number of events after Trigger + Selection (dropping empty arrays): 29
=========!!!Weight Debugging!!!=========
DYJetsToLL_Pt-250To400
Luminosity Weight = 0.010214
Luminosity = 59830.000000
Cross section = 3.435181
Number of events Processed: 20121253
!!!=====Dataset=====!!!!
<class 'str'>
DYJetsToLL_Pt-100To250
Number of events before selection + Trigger: 7836
# of events after pT cut (dropping empty arrays): 7836
# of events after eta cut (dropping empty arrays): 7836
# of events after decay cut (dropping empty arrays): 7836
# of events after isolation cut (dropping empty arrays): 1106
# of events after Higgs cut (dropping empty arrays): 844
# of events after topology cut (dropping empty arrays): 844
# of events after b-jet cut (dropping empty arrays): 844
Number of events after selection + Trigger: 0
Number of events after Trigger + Selection (dropping empty arrays): 0
=========!!!Weight Debugging!!!=========
DYJetsToLL_Pt-100To250
Luminosity Weight = 0.065519
Luminosity = 59830.000000
Cross section = 89.395097
Number of events Processed: 81633326
!!!=====Dataset=====!!!!
<class 'str'>
DYJetsToLL_Pt-50To100
Number of events before selection + Trigger: 2633
# of events after pT cut (dropping empty arrays): 2633
# of events after eta cut (dropping empty arrays): 2633
# of events after decay cut (dropping empty arrays): 2633
# of events after isolation cut (dropping empty arrays): 367
# of events after Higgs cut (dropping empty arrays): 296
# of events after topology cut (dropping empty arrays): 296
# of events after b-jet cut (dropping empty arrays): 296
Number of events after selection + Trigger: 0
Number of events after Trigger + Selection (dropping empty arrays): 0
=========!!!Weight Debugging!!!=========
DYJetsToLL_Pt-50To100
Luminosity Weight = 0.192319
Luminosity = 59830.000000
Cross section = 387.130778
Number of events Processed: 120435658
!!!=====Dataset=====!!!!
<class 'str'>
WZ1l1nu2q
Number of events before selection + Trigger: 757
# of events after pT cut (dropping empty arrays): 757
# of events after eta cut (dropping empty arrays): 757
# of events after decay cut (dropping empty arrays): 757
# of events after isolation cut (dropping empty arrays): 36
# of events after Higgs cut (dropping empty arrays): 25
# of events after topology cut (dropping empty arrays): 25
# of events after b-jet cut (dropping empty arrays): 25
Number of events after selection + Trigger: 1
Number of events after Trigger + Selection (dropping empty arrays): 1
=========!!!Weight Debugging!!!=========
WZ1l1nu2q
Luminosity Weight = 0.009416
Luminosity = 59830.000000
Cross section = 10.710000
Number of events Processed: 68048958
!!!=====Dataset=====!!!!
<class 'str'>
WZ2l2q
Number of events before selection + Trigger: 3286
# of events after pT cut (dropping empty arrays): 3286
# of events after eta cut (dropping empty arrays): 3286
# of events after decay cut (dropping empty arrays): 3286
# of events after isolation cut (dropping empty arrays): 360
# of events after Higgs cut (dropping empty arrays): 238
# of events after topology cut (dropping empty arrays): 238
# of events after b-jet cut (dropping empty arrays): 238
Number of events after selection + Trigger: 1
Number of events after Trigger + Selection (dropping empty arrays): 1
=========!!!Weight Debugging!!!=========
WZ2l2q
Luminosity Weight = 0.011873
Luminosity = 59830.000000
Cross section = 5.595000
Number of events Processed: 28193648
!!!=====Dataset=====!!!!
<class 'str'>
ZZ2l2q
Number of events before selection + Trigger: 5928
# of events after pT cut (dropping empty arrays): 5928
# of events after eta cut (dropping empty arrays): 5928
# of events after decay cut (dropping empty arrays): 5928
# of events after isolation cut (dropping empty arrays): 726
# of events after Higgs cut (dropping empty arrays): 546
# of events after topology cut (dropping empty arrays): 546
# of events after b-jet cut (dropping empty arrays): 546
Number of events after selection + Trigger: 4
Number of events after Trigger + Selection (dropping empty arrays): 4
=========!!!Weight Debugging!!!=========
ZZ2l2q
Luminosity Weight = 0.003512
Luminosity = 59830.000000
Cross section = 3.220000
Number of events Processed: 54856689
!!!=====Dataset=====!!!!
<class 'str'>
WZ3l1nu
Number of events before selection + Trigger: 5222
# of events after pT cut (dropping empty arrays): 5222
# of events after eta cut (dropping empty arrays): 5222
# of events after decay cut (dropping empty arrays): 5222
# of events after isolation cut (dropping empty arrays): 1495
# of events after Higgs cut (dropping empty arrays): 1123
# of events after topology cut (dropping empty arrays): 1123
# of events after b-jet cut (dropping empty arrays): 1123
Number of events after selection + Trigger: 49
Number of events after Trigger + Selection (dropping empty arrays): 49
=========!!!Weight Debugging!!!=========
WZ3l1nu
Luminosity Weight = 0.012805
Luminosity = 59830.000000
Cross section = 4.708000
Number of events Processed: 21997587
!!!=====Dataset=====!!!!
<class 'str'>
WZ1l3nu
Number of events before selection + Trigger: 4
# of events after pT cut (dropping empty arrays): 4
# of events after eta cut (dropping empty arrays): 4
# of events after decay cut (dropping empty arrays): 4
# of events after isolation cut (dropping empty arrays): 0
# of events after b-jet cut (dropping empty arrays): 0
Number of events after selection + Trigger: 0
Number of events after Trigger + Selection (dropping empty arrays): 0
=========!!!Weight Debugging!!!=========
WZ1l3nu
Luminosity Weight = 0.107973
Luminosity = 59830.000000
Cross section = 3.050000
Number of events Processed: 1690064
!!!=====Dataset=====!!!!
<class 'str'>
VV2l2nu
Number of events before selection + Trigger: 164
# of events after pT cut (dropping empty arrays): 164
# of events after eta cut (dropping empty arrays): 164
# of events after decay cut (dropping empty arrays): 164
# of events after isolation cut (dropping empty arrays): 25
# of events after Higgs cut (dropping empty arrays): 16
# of events after topology cut (dropping empty arrays): 16
# of events after b-jet cut (dropping empty arrays): 16
Number of events after selection + Trigger: 0
Number of events after Trigger + Selection (dropping empty arrays): 0
=========!!!Weight Debugging!!!=========
VV2l2nu
Luminosity Weight = 0.072597
Luminosity = 59830.000000
Cross section = 11.950000
Number of events Processed: 9848488
!!!=====Dataset=====!!!!
<class 'str'>
ZZ4l
Number of events before selection + Trigger: 29065
# of events after pT cut (dropping empty arrays): 29065
# of events after eta cut (dropping empty arrays): 29065
# of events after decay cut (dropping empty arrays): 29065
# of events after isolation cut (dropping empty arrays): 21792
# of events after Higgs cut (dropping empty arrays): 19498
# of events after topology cut (dropping empty arrays): 19498
# of events after b-jet cut (dropping empty arrays): 19498
Number of events after selection + Trigger: 404
Number of events after Trigger + Selection (dropping empty arrays): 404
=========!!!Weight Debugging!!!=========
ZZ4l
Luminosity Weight = 0.002750
Luminosity = 59830.000000
Cross section = 1.212000
Number of events Processed: 26371225
!!!=====Dataset=====!!!!
<class 'str'>
TTToHadronic
Number of events before selection + Trigger: 11511
# of events after pT cut (dropping empty arrays): 11511
# of events after eta cut (dropping empty arrays): 11511
# of events after decay cut (dropping empty arrays): 11511
# of events after isolation cut (dropping empty arrays): 270
# of events after Higgs cut (dropping empty arrays): 162
# of events after topology cut (dropping empty arrays): 162
# of events after b-jet cut (dropping empty arrays): 162
Number of events after selection + Trigger: 0
Number of events after Trigger + Selection (dropping empty arrays): 0
=========!!!Weight Debugging!!!=========
TTToHadronic
Luminosity Weight = 0.071156
Luminosity = 59830.000000
Cross section = 377.951744
Number of events Processed: 317792000
!!!=====Dataset=====!!!!
<class 'str'>
TTTo2L2Nu
Number of events before selection + Trigger: 15268
# of events after pT cut (dropping empty arrays): 15268
# of events after eta cut (dropping empty arrays): 15268
# of events after decay cut (dropping empty arrays): 15268
# of events after isolation cut (dropping empty arrays): 2006
# of events after Higgs cut (dropping empty arrays): 1258
# of events after topology cut (dropping empty arrays): 1258
# of events after b-jet cut (dropping empty arrays): 1258
Number of events after selection + Trigger: 43
Number of events after Trigger + Selection (dropping empty arrays): 43
=========!!!Weight Debugging!!!=========
TTTo2L2Nu
Luminosity Weight = 0.084751
Luminosity = 59830.000000
Cross section = 88.249736
Number of events Processed: 62300000
!!!=====Dataset=====!!!!
<class 'str'>
TTToSemiLeptonic
Number of events before selection + Trigger: 24625
# of events after pT cut (dropping empty arrays): 24625
# of events after eta cut (dropping empty arrays): 24625
# of events after decay cut (dropping empty arrays): 24625
# of events after isolation cut (dropping empty arrays): 1250
# of events after Higgs cut (dropping empty arrays): 764
# of events after topology cut (dropping empty arrays): 764
# of events after b-jet cut (dropping empty arrays): 764
Number of events after selection + Trigger: 17
Number of events after Trigger + Selection (dropping empty arrays): 17
=========!!!Weight Debugging!!!=========
TTToSemiLeptonic
Luminosity Weight = 0.082258
Luminosity = 59830.000000
Cross section = 365.308992
Number of events Processed: 265706999
Processing 100% ━━━━━━━━━━━━━━━━━━━━━━━━ 31/31 [ 0:10:30 < 0:00:00 | ? chunk/s ]
Background TTToSemiLeptonic added
Background TTTo2L2Nu added
Background TTToHadronic added
Background DYJetsToLL_Pt-50To100 added
Background DYJetsToLL_Pt-100To250 added
Background DYJetsToLL_Pt-250To400 added
Background DYJetsToLL_Pt-400To650 added
Background DYJetsToLL_Pt-650ToInf added
Background WZ3l1nu added
Background WZ2l2q added
Background WZ1l1nu2q added
Background ZZ2l2q added
Background WZ1l3nu added
Background VV2l2nu added
Background Tbar-tchan added
Background T-tchan added
Background Tbar-tW added
Background T-tW added
Background WJetsToLNu_HT-100To200 added
Background WJetsToLNu_HT-200To400 added
Background WJetsToLNu_HT-400To600 added
Background WJetsToLNu_HT-600To800 added
Background WJetsToLNu_HT-800To1200 added
Background WJetsToLNu_HT-1200To2500 added
Background WJetsToLNu_HT-2500ToInf added
Background ZZ4l added
==================Hist FourTau_Mass_Arr================
Background TTToSemiLeptonic added
Background TTTo2L2Nu added
Background TTToHadronic added
Background DYJetsToLL_Pt-50To100 added
Background DYJetsToLL_Pt-100To250 added
Background DYJetsToLL_Pt-250To400 added
Background DYJetsToLL_Pt-400To650 added
Background DYJetsToLL_Pt-650ToInf added
Background WZ3l1nu added
Background WZ2l2q added
Background WZ1l1nu2q added
Background ZZ2l2q added
Background WZ1l3nu added
Background VV2l2nu added
Background Tbar-tchan added
Background T-tchan added
Background Tbar-tW added
Background T-tW added
Background WJetsToLNu_HT-100To200 added
Background WJetsToLNu_HT-200To400 added
Background WJetsToLNu_HT-400To600 added
Background WJetsToLNu_HT-600To800 added
Background WJetsToLNu_HT-800To1200 added
Background WJetsToLNu_HT-1200To2500 added
Background WJetsToLNu_HT-2500ToInf added
Background ZZ4l added
==================Hist HiggsDeltaPhi_Arr================
Background TTToSemiLeptonic added
Background TTTo2L2Nu added
Background TTToHadronic added
Background DYJetsToLL_Pt-50To100 added
Background DYJetsToLL_Pt-100To250 added
Background DYJetsToLL_Pt-250To400 added
Background DYJetsToLL_Pt-400To650 added
Background DYJetsToLL_Pt-650ToInf added
Background WZ3l1nu added
Background WZ2l2q added
Background WZ1l1nu2q added
Background ZZ2l2q added
Background WZ1l3nu added
Background VV2l2nu added
Background Tbar-tchan added
Background T-tchan added
Background Tbar-tW added
Background T-tW added
Background WJetsToLNu_HT-100To200 added
Background WJetsToLNu_HT-200To400 added
Background WJetsToLNu_HT-400To600 added
Background WJetsToLNu_HT-600To800 added
Background WJetsToLNu_HT-800To1200 added
Background WJetsToLNu_HT-1200To2500 added
Background WJetsToLNu_HT-2500ToInf added
Background ZZ4l added
==================Hist Higgs_DeltaR_Arr================
Background TTToSemiLeptonic added
Background TTTo2L2Nu added
Background TTToHadronic added
Background DYJetsToLL_Pt-50To100 added
Background DYJetsToLL_Pt-100To250 added
Background DYJetsToLL_Pt-250To400 added
Background DYJetsToLL_Pt-400To650 added
Background DYJetsToLL_Pt-650ToInf added
Background WZ3l1nu added
Background WZ2l2q added
Background WZ1l1nu2q added
Background ZZ2l2q added
Background WZ1l3nu added
Background VV2l2nu added
Background Tbar-tchan added
Background T-tchan added
Background Tbar-tW added
Background T-tW added
Background WJetsToLNu_HT-100To200 added
Background WJetsToLNu_HT-200To400 added
Background WJetsToLNu_HT-400To600 added
Background WJetsToLNu_HT-600To800 added
Background WJetsToLNu_HT-800To1200 added
Background WJetsToLNu_HT-1200To2500 added
Background WJetsToLNu_HT-2500ToInf added
Background ZZ4l added
==================Hist leading_dR_Arr================
Background TTToSemiLeptonic added
Background TTTo2L2Nu added
Background TTToHadronic added
Background DYJetsToLL_Pt-50To100 added
Background DYJetsToLL_Pt-100To250 added
Background DYJetsToLL_Pt-250To400 added
Background DYJetsToLL_Pt-400To650 added
Background DYJetsToLL_Pt-650ToInf added
Background WZ3l1nu added
Background WZ2l2q added
Background WZ1l1nu2q added
Background ZZ2l2q added
Background WZ1l3nu added
Background VV2l2nu added
Background Tbar-tchan added
Background T-tchan added
Background Tbar-tW added
Background T-tW added
Background WJetsToLNu_HT-100To200 added
Background WJetsToLNu_HT-200To400 added
Background WJetsToLNu_HT-400To600 added
Background WJetsToLNu_HT-600To800 added
Background WJetsToLNu_HT-800To1200 added
Background WJetsToLNu_HT-1200To2500 added
Background WJetsToLNu_HT-2500ToInf added
Background ZZ4l added
==================Hist subleading_dR_Arr================
Background TTToSemiLeptonic added
Background TTTo2L2Nu added
Background TTToHadronic added
Background DYJetsToLL_Pt-50To100 added
Background DYJetsToLL_Pt-100To250 added
Background DYJetsToLL_Pt-250To400 added
Background DYJetsToLL_Pt-400To650 added
Background DYJetsToLL_Pt-650ToInf added
Background WZ3l1nu added
Background WZ2l2q added
Background WZ1l1nu2q added
Background ZZ2l2q added
Background WZ1l3nu added
Background VV2l2nu added
Background Tbar-tchan added
Background T-tchan added
Background Tbar-tW added
Background T-tW added
Background WJetsToLNu_HT-100To200 added
Background WJetsToLNu_HT-200To400 added
Background WJetsToLNu_HT-400To600 added
Background WJetsToLNu_HT-600To800 added
Background WJetsToLNu_HT-800To1200 added
Background WJetsToLNu_HT-1200To2500 added
Background WJetsToLNu_HT-2500ToInf added
Background ZZ4l added
==================Hist LeadingHiggs_mass================
Background TTToSemiLeptonic added
Background TTTo2L2Nu added
Background TTToHadronic added
Background DYJetsToLL_Pt-50To100 added
Background DYJetsToLL_Pt-100To250 added
Background DYJetsToLL_Pt-250To400 added
Background DYJetsToLL_Pt-400To650 added
Background DYJetsToLL_Pt-650ToInf added
Background WZ3l1nu added
Background WZ2l2q added
Background WZ1l1nu2q added
Background ZZ2l2q added
Background WZ1l3nu added
Background VV2l2nu added
Background Tbar-tchan added
Background T-tchan added
Background Tbar-tW added
Background T-tW added
Background WJetsToLNu_HT-100To200 added
Background WJetsToLNu_HT-200To400 added
Background WJetsToLNu_HT-400To600 added
Background WJetsToLNu_HT-600To800 added
Background WJetsToLNu_HT-800To1200 added
Background WJetsToLNu_HT-1200To2500 added
Background WJetsToLNu_HT-2500ToInf added
Background ZZ4l added
==================Hist SubLeadingHiggs_mass================
Background TTToSemiLeptonic added
Background TTTo2L2Nu added
Background TTToHadronic added
Background DYJetsToLL_Pt-50To100 added
Background DYJetsToLL_Pt-100To250 added
Background DYJetsToLL_Pt-250To400 added
Background DYJetsToLL_Pt-400To650 added
Background DYJetsToLL_Pt-650ToInf added
Background WZ3l1nu added
Background WZ2l2q added
Background WZ1l1nu2q added
Background ZZ2l2q added
Background WZ1l3nu added
Background VV2l2nu added
Background Tbar-tchan added
Background T-tchan added
Background Tbar-tW added
Background T-tW added
Background WJetsToLNu_HT-100To200 added
Background WJetsToLNu_HT-200To400 added
Background WJetsToLNu_HT-400To600 added
Background WJetsToLNu_HT-600To800 added
Background WJetsToLNu_HT-800To1200 added
Background WJetsToLNu_HT-1200To2500 added
Background WJetsToLNu_HT-2500ToInf added
Background ZZ4l added
==================Hist radionPT_Arr================
Background TTToSemiLeptonic added
Background TTTo2L2Nu added
Background TTToHadronic added
Background DYJetsToLL_Pt-50To100 added
Background DYJetsToLL_Pt-100To250 added
Background DYJetsToLL_Pt-250To400 added
Background DYJetsToLL_Pt-400To650 added
Background DYJetsToLL_Pt-650ToInf added
Background WZ3l1nu added
Background WZ2l2q added
Background WZ1l1nu2q added
Background ZZ2l2q added
Background WZ1l3nu added
Background VV2l2nu added
Background Tbar-tchan added
Background T-tchan added
Background Tbar-tW added
Background T-tW added
Background WJetsToLNu_HT-100To200 added
Background WJetsToLNu_HT-200To400 added
Background WJetsToLNu_HT-400To600 added
Background WJetsToLNu_HT-600To800 added
Background WJetsToLNu_HT-800To1200 added
Background WJetsToLNu_HT-1200To2500 added
Background WJetsToLNu_HT-2500ToInf added
Background ZZ4l added
==================Hist tau_pt_Arr================
Background TTToSemiLeptonic added
Background TTTo2L2Nu added
Background TTToHadronic added
Background DYJetsToLL_Pt-50To100 added
Background DYJetsToLL_Pt-100To250 added
Background DYJetsToLL_Pt-250To400 added
Background DYJetsToLL_Pt-400To650 added
Background DYJetsToLL_Pt-650ToInf added
Background WZ3l1nu added
Background WZ2l2q added
Background WZ1l1nu2q added
Background ZZ2l2q added
Background WZ1l3nu added
Background VV2l2nu added
Background Tbar-tchan added
Background T-tchan added
Background Tbar-tW added
Background T-tW added
Background WJetsToLNu_HT-100To200 added
Background WJetsToLNu_HT-200To400 added
Background WJetsToLNu_HT-400To600 added
Background WJetsToLNu_HT-600To800 added
Background WJetsToLNu_HT-800To1200 added
Background WJetsToLNu_HT-1200To2500 added
Background WJetsToLNu_HT-2500ToInf added
Background ZZ4l added
==================Hist tau_eta_Arr================
Background TTToSemiLeptonic added
Background TTTo2L2Nu added
Background TTToHadronic added
Background DYJetsToLL_Pt-50To100 added
Background DYJetsToLL_Pt-100To250 added
Background DYJetsToLL_Pt-250To400 added
Background DYJetsToLL_Pt-400To650 added
Background DYJetsToLL_Pt-650ToInf added
Background WZ3l1nu added
Background WZ2l2q added
Background WZ1l1nu2q added
Background ZZ2l2q added
Background WZ1l3nu added
Background VV2l2nu added
Background Tbar-tchan added
Background T-tchan added
Background Tbar-tW added
Background T-tW added
Background WJetsToLNu_HT-100To200 added
Background WJetsToLNu_HT-200To400 added
Background WJetsToLNu_HT-400To600 added
Background WJetsToLNu_HT-600To800 added
Background WJetsToLNu_HT-800To1200 added
Background WJetsToLNu_HT-1200To2500 added
Background WJetsToLNu_HT-2500ToInf added
Background ZZ4l added
==================Hist ZMult_Arr================
Background TTToSemiLeptonic added
Background TTTo2L2Nu added
Background TTToHadronic added
Background DYJetsToLL_Pt-50To100 added
Background DYJetsToLL_Pt-100To250 added
Background DYJetsToLL_Pt-250To400 added
Background DYJetsToLL_Pt-400To650 added
Background DYJetsToLL_Pt-650ToInf added
Background WZ3l1nu added
Background WZ2l2q added
Background WZ1l1nu2q added
Background ZZ2l2q added
Background WZ1l3nu added
Background VV2l2nu added
Background Tbar-tchan added
Background T-tchan added
Background Tbar-tW added
Background T-tW added
Background WJetsToLNu_HT-100To200 added
Background WJetsToLNu_HT-200To400 added
Background WJetsToLNu_HT-400To600 added
Background WJetsToLNu_HT-600To800 added
Background WJetsToLNu_HT-800To1200 added
Background WJetsToLNu_HT-1200To2500 added
Background WJetsToLNu_HT-2500ToInf added
Background ZZ4l added
==================Hist BJet_Arr================
Background TTToSemiLeptonic added
Background TTTo2L2Nu added
Background TTToHadronic added
Background DYJetsToLL_Pt-50To100 added
Background DYJetsToLL_Pt-100To250 added
Background DYJetsToLL_Pt-250To400 added
Background DYJetsToLL_Pt-400To650 added
Background DYJetsToLL_Pt-650ToInf added
Background WZ3l1nu added
Background WZ2l2q added
Background WZ1l1nu2q added
Background ZZ2l2q added
Background WZ1l3nu added
Background VV2l2nu added
Background Tbar-tchan added
Background T-tchan added
Background Tbar-tW added
Background T-tW added
Background WJetsToLNu_HT-100To200 added
Background WJetsToLNu_HT-200To400 added
Background WJetsToLNu_HT-400To600 added
Background WJetsToLNu_HT-600To800 added
Background WJetsToLNu_HT-800To1200 added
Background WJetsToLNu_HT-1200To2500 added
Background WJetsToLNu_HT-2500ToInf added
Background ZZ4l added
==================Hist tau_lead_pt_Arr================
Background TTToSemiLeptonic added
Background TTTo2L2Nu added
Background TTToHadronic added
Background DYJetsToLL_Pt-50To100 added
Background DYJetsToLL_Pt-100To250 added
Background DYJetsToLL_Pt-250To400 added
Background DYJetsToLL_Pt-400To650 added
Background DYJetsToLL_Pt-650ToInf added
Background WZ3l1nu added
Background WZ2l2q added
Background WZ1l1nu2q added
Background ZZ2l2q added
Background WZ1l3nu added
Background VV2l2nu added
Background Tbar-tchan added
Background T-tchan added
Background Tbar-tW added
Background T-tW added
Background WJetsToLNu_HT-100To200 added
Background WJetsToLNu_HT-200To400 added
Background WJetsToLNu_HT-400To600 added
Background WJetsToLNu_HT-600To800 added
Background WJetsToLNu_HT-800To1200 added
Background WJetsToLNu_HT-1200To2500 added
Background WJetsToLNu_HT-2500ToInf added
Background ZZ4l added
==================Hist tau_sublead_pt_Arr================
Background TTToSemiLeptonic added
Background TTTo2L2Nu added
Background TTToHadronic added
Background DYJetsToLL_Pt-50To100 added
Background DYJetsToLL_Pt-100To250 added
Background DYJetsToLL_Pt-250To400 added
Background DYJetsToLL_Pt-400To650 added
Background DYJetsToLL_Pt-650ToInf added
Background WZ3l1nu added
Background WZ2l2q added
Background WZ1l1nu2q added
Background ZZ2l2q added
Background WZ1l3nu added
Background VV2l2nu added
Background Tbar-tchan added
Background T-tchan added
Background Tbar-tW added
Background T-tW added
Background WJetsToLNu_HT-100To200 added
Background WJetsToLNu_HT-200To400 added
Background WJetsToLNu_HT-400To600 added
Background WJetsToLNu_HT-600To800 added
Background WJetsToLNu_HT-800To1200 added
Background WJetsToLNu_HT-1200To2500 added
Background WJetsToLNu_HT-2500ToInf added
Background ZZ4l added
==================Hist tau_3rdlead_pt_Arr================
Background TTToSemiLeptonic added
Background TTTo2L2Nu added
Background TTToHadronic added
Background DYJetsToLL_Pt-50To100 added
Background DYJetsToLL_Pt-100To250 added
Background DYJetsToLL_Pt-250To400 added
Background DYJetsToLL_Pt-400To650 added
Background DYJetsToLL_Pt-650ToInf added
Background WZ3l1nu added
Background WZ2l2q added
Background WZ1l1nu2q added
Background ZZ2l2q added
Background WZ1l3nu added
Background VV2l2nu added
Background Tbar-tchan added
Background T-tchan added
Background Tbar-tW added
Background T-tW added
Background WJetsToLNu_HT-100To200 added
Background WJetsToLNu_HT-200To400 added
Background WJetsToLNu_HT-400To600 added
Background WJetsToLNu_HT-600To800 added
Background WJetsToLNu_HT-800To1200 added
Background WJetsToLNu_HT-1200To2500 added
Background WJetsToLNu_HT-2500ToInf added
Background ZZ4l added
==================Hist tau_4thlead_pt_Arr================
Background TTToSemiLeptonic added
Background TTTo2L2Nu added
Background TTToHadronic added
Background DYJetsToLL_Pt-50To100 added
Background DYJetsToLL_Pt-100To250 added
Background DYJetsToLL_Pt-250To400 added
Background DYJetsToLL_Pt-400To650 added
Background DYJetsToLL_Pt-650ToInf added
Background WZ3l1nu added
Background WZ2l2q added
Background WZ1l1nu2q added
Background ZZ2l2q added
Background WZ1l3nu added
Background VV2l2nu added
Background Tbar-tchan added
Background T-tchan added
Background Tbar-tW added
Background T-tW added
Background WJetsToLNu_HT-100To200 added
Background WJetsToLNu_HT-200To400 added
Background WJetsToLNu_HT-400To600 added
Background WJetsToLNu_HT-600To800 added
Background WJetsToLNu_HT-800To1200 added
Background WJetsToLNu_HT-1200To2500 added
Background WJetsToLNu_HT-2500ToInf added
Background ZZ4l added
==================Hist leading_dPhi_Arr================
Background TTToSemiLeptonic added
Background TTTo2L2Nu added
Background TTToHadronic added
Background DYJetsToLL_Pt-50To100 added
Background DYJetsToLL_Pt-100To250 added
Background DYJetsToLL_Pt-250To400 added
Background DYJetsToLL_Pt-400To650 added
Background DYJetsToLL_Pt-650ToInf added
Background WZ3l1nu added
Background WZ2l2q added
Background WZ1l1nu2q added
Background ZZ2l2q added
Background WZ1l3nu added
Background VV2l2nu added
Background Tbar-tchan added
Background T-tchan added
Background Tbar-tW added
Background T-tW added
Background WJetsToLNu_HT-100To200 added
Background WJetsToLNu_HT-200To400 added
Background WJetsToLNu_HT-400To600 added
Background WJetsToLNu_HT-600To800 added
Background WJetsToLNu_HT-800To1200 added
Background WJetsToLNu_HT-1200To2500 added
Background WJetsToLNu_HT-2500ToInf added
Background ZZ4l added
==================Hist subleading_dPhi_Arr================
Background TTToSemiLeptonic added
Background TTTo2L2Nu added
Background TTToHadronic added
Background DYJetsToLL_Pt-50To100 added
Background DYJetsToLL_Pt-100To250 added
Background DYJetsToLL_Pt-250To400 added
Background DYJetsToLL_Pt-400To650 added
Background DYJetsToLL_Pt-650ToInf added
Background WZ3l1nu added
Background WZ2l2q added
Background WZ1l1nu2q added
Background ZZ2l2q added
Background WZ1l3nu added
Background VV2l2nu added
Background Tbar-tchan added
Background T-tchan added
Background Tbar-tW added
Background T-tW added
Background WJetsToLNu_HT-100To200 added
Background WJetsToLNu_HT-200To400 added
Background WJetsToLNu_HT-400To600 added
Background WJetsToLNu_HT-600To800 added
Background WJetsToLNu_HT-800To1200 added
Background WJetsToLNu_HT-1200To2500 added
Background WJetsToLNu_HT-2500ToInf added
Background ZZ4l added
==================Hist radionMET_dPhi_Arr================
Background TTToSemiLeptonic added
Background TTTo2L2Nu added
Background TTToHadronic added
Background DYJetsToLL_Pt-50To100 added
Background DYJetsToLL_Pt-100To250 added
Background DYJetsToLL_Pt-250To400 added
Background DYJetsToLL_Pt-400To650 added
Background DYJetsToLL_Pt-650ToInf added
Background WZ3l1nu added
Background WZ2l2q added
Background WZ1l1nu2q added
Background ZZ2l2q added
Background WZ1l3nu added
Background VV2l2nu added
Background Tbar-tchan added
Background T-tchan added
Background Tbar-tW added
Background T-tW added
Background WJetsToLNu_HT-100To200 added
Background WJetsToLNu_HT-200To400 added
Background WJetsToLNu_HT-400To600 added
Background WJetsToLNu_HT-600To800 added
Background WJetsToLNu_HT-800To1200 added
Background WJetsToLNu_HT-1200To2500 added
Background WJetsToLNu_HT-2500ToInf added
Background ZZ4l added
==================Hist leadingHiggs_Rad_dR_Arr================
Background TTToSemiLeptonic added
Background TTTo2L2Nu added
Background TTToHadronic added
Background DYJetsToLL_Pt-50To100 added
Background DYJetsToLL_Pt-100To250 added
Background DYJetsToLL_Pt-250To400 added
Background DYJetsToLL_Pt-400To650 added
Background DYJetsToLL_Pt-650ToInf added
Background WZ3l1nu added
Background WZ2l2q added
Background WZ1l1nu2q added
Background ZZ2l2q added
Background WZ1l3nu added
Background VV2l2nu added
Background Tbar-tchan added
Background T-tchan added
Background Tbar-tW added
Background T-tW added
Background WJetsToLNu_HT-100To200 added
Background WJetsToLNu_HT-200To400 added
Background WJetsToLNu_HT-400To600 added
Background WJetsToLNu_HT-600To800 added
Background WJetsToLNu_HT-800To1200 added
Background WJetsToLNu_HT-1200To2500 added
Background WJetsToLNu_HT-2500ToInf added
Background ZZ4l added
==================Hist subleadingHiggs_Rad_dR_Arr================
Background TTToSemiLeptonic added
Background TTTo2L2Nu added
Background TTToHadronic added
Background DYJetsToLL_Pt-50To100 added
Background DYJetsToLL_Pt-100To250 added
Background DYJetsToLL_Pt-250To400 added
Background DYJetsToLL_Pt-400To650 added
Background DYJetsToLL_Pt-650ToInf added
Background WZ3l1nu added
Background WZ2l2q added
Background WZ1l1nu2q added
Background ZZ2l2q added
Background WZ1l3nu added
Background VV2l2nu added
Background Tbar-tchan added
Background T-tchan added
Background Tbar-tW added
Background T-tW added
Background WJetsToLNu_HT-100To200 added
Background WJetsToLNu_HT-200To400 added
Background WJetsToLNu_HT-400To600 added
Background WJetsToLNu_HT-600To800 added
Background WJetsToLNu_HT-800To1200 added
Background WJetsToLNu_HT-1200To2500 added
Background WJetsToLNu_HT-2500ToInf added
Background ZZ4l added
==================Hist leadingHiggs_MET_dPhi_Arr================
Background TTToSemiLeptonic added
Background TTTo2L2Nu added
Background TTToHadronic added
Background DYJetsToLL_Pt-50To100 added
Background DYJetsToLL_Pt-100To250 added
Background DYJetsToLL_Pt-250To400 added
Background DYJetsToLL_Pt-400To650 added
Background DYJetsToLL_Pt-650ToInf added
Background WZ3l1nu added
Background WZ2l2q added
Background WZ1l1nu2q added
Background ZZ2l2q added
Background WZ1l3nu added
Background VV2l2nu added
Background Tbar-tchan added
Background T-tchan added
Background Tbar-tW added
Background T-tW added
Background WJetsToLNu_HT-100To200 added
Background WJetsToLNu_HT-200To400 added
Background WJetsToLNu_HT-400To600 added
Background WJetsToLNu_HT-600To800 added
Background WJetsToLNu_HT-800To1200 added
Background WJetsToLNu_HT-1200To2500 added
Background WJetsToLNu_HT-2500ToInf added
Background ZZ4l added
==================Hist subleadingHiggs_MET_dPhi_Arr================
Background TTToSemiLeptonic added
Background TTTo2L2Nu added
Background TTToHadronic added
Background DYJetsToLL_Pt-50To100 added
Background DYJetsToLL_Pt-100To250 added
Background DYJetsToLL_Pt-250To400 added
Background DYJetsToLL_Pt-400To650 added
Background DYJetsToLL_Pt-650ToInf added
Background WZ3l1nu added
Background WZ2l2q added
Background WZ1l1nu2q added
Background ZZ2l2q added
Background WZ1l3nu added
Background VV2l2nu added
Background Tbar-tchan added
Background T-tchan added
Background Tbar-tW added
Background T-tW added
Background WJetsToLNu_HT-100To200 added
Background WJetsToLNu_HT-200To400 added
Background WJetsToLNu_HT-400To600 added
Background WJetsToLNu_HT-600To800 added
Background WJetsToLNu_HT-800To1200 added
Background WJetsToLNu_HT-1200To2500 added
Background WJetsToLNu_HT-2500ToInf added
Background ZZ4l added
==================Hist Radion_eta_Arr================
Background TTToSemiLeptonic added
Background TTTo2L2Nu added
Background TTToHadronic added
Background DYJetsToLL_Pt-50To100 added
Background DYJetsToLL_Pt-100To250 added
Background DYJetsToLL_Pt-250To400 added
Background DYJetsToLL_Pt-400To650 added
Background DYJetsToLL_Pt-650ToInf added
Background WZ3l1nu added
Background WZ2l2q added
Background WZ1l1nu2q added
Background ZZ2l2q added
Background WZ1l3nu added
Background VV2l2nu added
Background Tbar-tchan added
Background T-tchan added
Background Tbar-tW added
Background T-tW added
Background WJetsToLNu_HT-100To200 added
Background WJetsToLNu_HT-200To400 added
Background WJetsToLNu_HT-400To600 added
Background WJetsToLNu_HT-600To800 added
Background WJetsToLNu_HT-800To1200 added
Background WJetsToLNu_HT-1200To2500 added
Background WJetsToLNu_HT-2500ToInf added
Background ZZ4l added
==================Hist Radion_Charge_Arr================
